[debug] ----------------------------------------------------------------------
[debug] Command:      node /usr/local/bin/firebase serve -p 8081
[debug] CLI Version:  3.7.0
[debug] Platform:     linux
[debug] Node Version: v0.10.25
[debug] Time:         Sat May 13 2017 17:50:36 GMT+0530 (IST)
[debug] ----------------------------------------------------------------------
[debug] 
[debug] > command requires scopes: ["email","openid","https://www.googleapis.com/auth/cloudplatformprojects.readonly","https://www.googleapis.com/auth/firebase","https://www.googleapis.com/auth/cloud-platform"]
[debug] > refreshing access token with scopes: ["email","https://www.googleapis.com/auth/cloud-platform","https://www.googleapis.com/auth/cloudplatformprojects.readonly","https://www.googleapis.com/auth/firebase","openid"]
[debug] >>> HTTP REQUEST POST https://www.googleapis.com/oauth2/v3/token { refresh_token: '1/M_7O_QZjjlKs0KyQWl3owMnGbOpNaZEf7Y9J5niCaJ0',
  client_id: '563584335869-fgrhgmd47bqnekij5i8b5pr03ho849e6.apps.googleusercontent.com',
  client_secret: 'j9iVZfS8kkCEFUPaAeJV0sAi',
  grant_type: 'refresh_token',
  scope: 'email https://www.googleapis.com/auth/cloud-platform https://www.googleapis.com/auth/cloudplatformprojects.readonly https://www.googleapis.com/auth/firebase openid' } 
 Sat May 13 2017 17:50:36 GMT+0530 (IST)
[debug] <<< HTTP RESPONSE 200
[debug] >>> HTTP REQUEST GET https://admin.firebase.com/v1/projects/push-9d79c  
 Sat May 13 2017 17:50:36 GMT+0530 (IST)
[debug] <<< HTTP RESPONSE 200
[debug] >>> HTTP REQUEST GET https://admin.firebase.com/v1/database/push-9d79c/tokens  
 Sat May 13 2017 17:50:37 GMT+0530 (IST)
[debug] <<< HTTP RESPONSE 200
[info] Starting Firebase development server...
[info] 
[info] Project Directory: /home/akshay/fcm/quickstart-js-master/messaging
[debug] >>> HTTP REQUEST GET https://cloudresourcemanager.googleapis.com/v1/projects/push-9d79c  
 Sat May 13 2017 17:50:39 GMT+0530 (IST)
[debug] <<< HTTP RESPONSE 200
[debug] >>> HTTP REQUEST GET https://mobilesdk-pa.googleapis.com/v1/projects/685845665281/clients/_:getWebAppConfig  
 Sat May 13 2017 17:50:40 GMT+0530 (IST)
[debug] <<< HTTP RESPONSE 200
[info] Public Directory: ./
[info] 
[info] Server listening at: http://localhost:8081
